# JRE version: Java(TM) SE Runtime Environment (8.0_221-b11) (build 1.8.0_221-b11)
# Java VM: Java HotSpot(TM) 64-Bit Server VM (25.221-b11 mixed mode windows-amd64 compressed oops)
Heap:
 PSYoungGen      total 29184K, used 7162K [0x00000000df980000, 0x00000000e3280000, 0x0000000100000000)
  eden space 25088K, 12% used [0x00000000df980000,0x00000000dfc82938,0x00000000e1200000)
  from space 4096K, 99% used [0x00000000e1200000,0x00000000e15fc030,0x00000000e1600000)
  to   space 4096K, 0% used [0x00000000e2e80000,0x00000000e2e80000,0x00000000e3280000)
 ParOldGen       total 67072K, used 3790K [0x000000009ec00000, 0x00000000a2d80000, 0x00000000df980000)
  object space 67072K, 5% used [0x000000009ec00000,0x000000009efb3970,0x00000000a2d80000)
 Metaspace       used 13111K, capacity 13286K, committed 13568K, reserved 1060864K
  class space    used 1645K, capacity 1710K, committed 1792K, reserved 1048576K
GC Heap History (6 events):
Event: 0.824 GC heap before
{Heap before GC invocations=1 (full 0):
 PSYoungGen      total 29184K, used 25088K [0x00000000df980000, 0x00000000e1a00000, 0x0000000100000000)
  eden space 25088K, 100% used [0x00000000df980000,0x00000000e1200000,0x00000000e1200000)
  from space 4096K, 0% used [0x00000000e1600000,0x00000000e1600000,0x00000000e1a00000)
  to   space 4096K, 0% used [0x00000000e1200000,0x00000000e1200000,0x00000000e1600000)
 ParOldGen       total 67072K, used 0K [0x000000009ec00000, 0x00000000a2d80000, 0x00000000df980000)
  object space 67072K, 0% used [0x000000009ec00000,0x000000009ec00000,0x00000000a2d80000)
 Metaspace       used 7782K, capacity 7932K, committed 8192K, reserved 1056768K
  class space    used 939K, capacity 984K, committed 1024K, reserved 1048576K
Event: 0.831 GC heap after
Heap after GC invocations=1 (full 0):
 PSYoungGen      total 29184K, used 4086K [0x00000000df980000, 0x00000000e1a00000, 0x0000000100000000)
  eden space 25088K, 0% used [0x00000000df980000,0x00000000df980000,0x00000000e1200000)
  from space 4096K, 99% used [0x00000000e1200000,0x00000000e15fd8b8,0x00000000e1600000)
  to   space 4096K, 0% used [0x00000000e1600000,0x00000000e1600000,0x00000000e1a00000)
 ParOldGen       total 67072K, used 597K [0x000000009ec00000, 0x00000000a2d80000, 0x00000000df980000)
  object space 67072K, 0% used [0x000000009ec00000,0x000000009ec95778,0x00000000a2d80000)
 Metaspace       used 7782K, capacity 7932K, committed 8192K, reserved 1056768K
  class space    used 939K, capacity 984K, committed 1024K, reserved 1048576K
}
Event: 1.194 GC heap before
{Heap before GC invocations=2 (full 0):
 PSYoungGen      total 29184K, used 29174K [0x00000000df980000, 0x00000000e1a00000, 0x0000000100000000)
  eden space 25088K, 100% used [0x00000000df980000,0x00000000e1200000,0x00000000e1200000)
  from space 4096K, 99% used [0x00000000e1200000,0x00000000e15fd8b8,0x00000000e1600000)
  to   space 4096K, 0% used [0x00000000e1600000,0x00000000e1600000,0x00000000e1a00000)
 ParOldGen       total 67072K, used 597K [0x000000009ec00000, 0x00000000a2d80000, 0x00000000df980000)
  object space 67072K, 0% used [0x000000009ec00000,0x000000009ec95778,0x00000000a2d80000)
 Metaspace       used 9741K, capacity 9884K, committed 9984K, reserved 1058816K
  class space    used 1181K, capacity 1248K, committed 1280K, reserved 1048576K
Event: 1.200 GC heap after
Heap after GC invocations=2 (full 0):
 PSYoungGen      total 29184K, used 4086K [0x00000000df980000, 0x00000000e3280000, 0x0000000100000000)
  eden space 25088K, 0% used [0x00000000df980000,0x00000000df980000,0x00000000e1200000)
  from space 4096K, 99% used [0x00000000e1600000,0x00000000e19fd828,0x00000000e1a00000)
  to   space 4096K, 0% used [0x00000000e1200000,0x00000000e1200000,0x00000000e1600000)
 ParOldGen       total 67072K, used 1651K [0x000000009ec00000, 0x00000000a2d80000, 0x00000000df980000)
  object space 67072K, 2% used [0x000000009ec00000,0x000000009ed9cdb8,0x00000000a2d80000)
 Metaspace       used 9741K, capacity 9884K, committed 9984K, reserved 1058816K
  class space    used 1181K, capacity 1248K, committed 1280K, reserved 1048576K
}
Event: 1.698 GC heap before
{Heap before GC invocations=3 (full 0):
 PSYoungGen      total 29184K, used 29174K [0x00000000df980000, 0x00000000e3280000, 0x0000000100000000)
  eden space 25088K, 100% used [0x00000000df980000,0x00000000e1200000,0x00000000e1200000)
  from space 4096K, 99% used [0x00000000e1600000,0x00000000e19fd828,0x00000000e1a00000)
  to   space 4096K, 0% used [0x00000000e1200000,0x00000000e1200000,0x00000000e1600000)
 ParOldGen       total 67072K, used 1651K [0x000000009ec00000, 0x00000000a2d80000, 0x00000000df980000)
  object space 67072K, 2% used [0x000000009ec00000,0x000000009ed9cdb8,0x00000000a2d80000)
 Metaspace       used 12618K, capacity 12770K, committed 13056K, reserved 1060864K
  class space    used 1596K, capacity 1672K, committed 1792K, reserved 1048576K
Event: 1.704 GC heap after
Heap after GC invocations=3 (full 0):
 PSYoungGen      total 29184K, used 4080K [0x00000000df980000, 0x00000000e3280000, 0x0000000100000000)
  eden space 25088K, 0% used [0x00000000df980000,0x00000000df980000,0x00000000e1200000)
  from space 4096K, 99% used [0x00000000e1200000,0x00000000e15fc030,0x00000000e1600000)
  to   space 4096K, 0% used [0x00000000e2e80000,0x00000000e2e80000,0x00000000e3280000)
 ParOldGen       total 67072K, used 3790K [0x000000009ec00000, 0x00000000a2d80000, 0x00000000df980000)
  object space 67072K, 5% used [0x000000009ec00000,0x000000009efb3970,0x00000000a2d80000)
 Metaspace       used 12618K, capacity 12770K, committed 13056K, reserved 1060864K
  class space    used 1596K, capacity 1672K, committed 1792K, reserved 1048576K
}

