# JRE version: Java(TM) SE Runtime Environment (8.0_221-b11) (build 1.8.0_221-b11)
# Java VM: Java HotSpot(TM) 64-Bit Server VM (25.221-b11 mixed mode windows-amd64 compressed oops)
Heap:
 PSYoungGen      total 54272K, used 31915K [0x00000000df980000, 0x00000000e3280000, 0x0000000100000000)
  eden space 50176K, 55% used [0x00000000df980000,0x00000000e14accd0,0x00000000e2a80000)
  from space 4096K, 99% used [0x00000000e2e80000,0x00000000e327e2a0,0x00000000e3280000)
  to   space 4096K, 0% used [0x00000000e2a80000,0x00000000e2a80000,0x00000000e2e80000)
 ParOldGen       total 67072K, used 1624K [0x000000009ec00000, 0x00000000a2d80000, 0x00000000df980000)
  object space 67072K, 2% used [0x000000009ec00000,0x000000009ed96210,0x00000000a2d80000)
 Metaspace       used 12826K, capacity 13000K, committed 13312K, reserved 1060864K
  class space    used 1612K, capacity 1705K, committed 1792K, reserved 1048576K
GC Heap History (4 events):
Event: 0.744 GC heap before
{Heap before GC invocations=1 (full 0):
 PSYoungGen      total 29184K, used 25088K [0x00000000df980000, 0x00000000e1a00000, 0x0000000100000000)
  eden space 25088K, 100% used [0x00000000df980000,0x00000000e1200000,0x00000000e1200000)
  from space 4096K, 0% used [0x00000000e1600000,0x00000000e1600000,0x00000000e1a00000)
  to   space 4096K, 0% used [0x00000000e1200000,0x00000000e1200000,0x00000000e1600000)
 ParOldGen       total 67072K, used 0K [0x000000009ec00000, 0x00000000a2d80000, 0x00000000df980000)
  object space 67072K, 0% used [0x000000009ec00000,0x000000009ec00000,0x00000000a2d80000)
 Metaspace       used 7782K, capacity 7932K, committed 8192K, reserved 1056768K
  class space    used 940K, capacity 984K, committed 1024K, reserved 1048576K
Event: 0.754 GC heap after
Heap after GC invocations=1 (full 0):
 PSYoungGen      total 29184K, used 4095K [0x00000000df980000, 0x00000000e3280000, 0x0000000100000000)
  eden space 25088K, 0% used [0x00000000df980000,0x00000000df980000,0x00000000e1200000)
  from space 4096K, 99% used [0x00000000e1200000,0x00000000e15ffc60,0x00000000e1600000)
  to   space 4096K, 0% used [0x00000000e2e80000,0x00000000e2e80000,0x00000000e3280000)
 ParOldGen       total 67072K, used 635K [0x000000009ec00000, 0x00000000a2d80000, 0x00000000df980000)
  object space 67072K, 0% used [0x000000009ec00000,0x000000009ec9ef10,0x00000000a2d80000)
 Metaspace       used 7782K, capacity 7932K, committed 8192K, reserved 1056768K
  class space    used 940K, capacity 984K, committed 1024K, reserved 1048576K
}
Event: 1.132 GC heap before
{Heap before GC invocations=2 (full 0):
 PSYoungGen      total 29184K, used 29183K [0x00000000df980000, 0x00000000e3280000, 0x0000000100000000)
  eden space 25088K, 100% used [0x00000000df980000,0x00000000e1200000,0x00000000e1200000)
  from space 4096K, 99% used [0x00000000e1200000,0x00000000e15ffc60,0x00000000e1600000)
  to   space 4096K, 0% used [0x00000000e2e80000,0x00000000e2e80000,0x00000000e3280000)
 ParOldGen       total 67072K, used 635K [0x000000009ec00000, 0x00000000a2d80000, 0x00000000df980000)
  object space 67072K, 0% used [0x000000009ec00000,0x000000009ec9ef10,0x00000000a2d80000)
 Metaspace       used 9738K, capacity 9884K, committed 9984K, reserved 1058816K
  class space    used 1182K, capacity 1248K, committed 1280K, reserved 1048576K
Event: 1.137 GC heap after
Heap after GC invocations=2 (full 0):
 PSYoungGen      total 54272K, used 4088K [0x00000000df980000, 0x00000000e3280000, 0x0000000100000000)
  eden space 50176K, 0% used [0x00000000df980000,0x00000000df980000,0x00000000e2a80000)
  from space 4096K, 99% used [0x00000000e2e80000,0x00000000e327e2a0,0x00000000e3280000)
  to   space 4096K, 0% used [0x00000000e2a80000,0x00000000e2a80000,0x00000000e2e80000)
 ParOldGen       total 67072K, used 1624K [0x000000009ec00000, 0x00000000a2d80000, 0x00000000df980000)
  object space 67072K, 2% used [0x000000009ec00000,0x000000009ed96210,0x00000000a2d80000)
 Metaspace       used 9738K, capacity 9884K, committed 9984K, reserved 1058816K
  class space    used 1182K, capacity 1248K, committed 1280K, reserved 1048576K
}

